Application/build/intermediates/manifest_merge_blame_file/debug/manifest-merger-blame-debug-report.txt
1<?xml version="1.0" encoding="utf-8"?>
2<!--
3 Copyright 2014 The Android Open Source Project
4
5 Licensed under the Apache License, Version 2.0 (the "License");
6 you may not use this file except in compliance with the License.
7 You may obtain a copy of the License at
8
9     http://www.apache.org/licenses/LICENSE-2.0
10
11 Unless required by applicable law or agreed to in writing, software
12 distributed under the License is distributed on an "AS IS" BASIS,
13 WITHOUT WARRANTIES OR CONDITIONS OF ANY KIND, either express or implied.
14 See the License for the specific language governing permissions and
15 limitations under the License.
16-->
17<manifest xmlns:android="http://schemas.android.com/apk/res/android"
18    package="com.wyeth.mobilephotobooth"
19    android:versionCode="3"
20    android:versionName="1.2" >
21
22    <uses-sdk
23        android:minSdkVersion="21"
23-->src\main\AndroidManifest.xml
24        android:targetSdkVersion="27" />
24-->src\main\AndroidManifest.xml
25
26    <uses-permission android:name="android.permission.CAMERA" />
26-->src\main\AndroidManifest.xml:20:5-65
26-->src\main\AndroidManifest.xml:20:22-62
27    <uses-permission android:name="android.permission.WRITE_EXTERNAL_STORAGE" />
27-->src\main\AndroidManifest.xml:21:5-81
27-->src\main\AndroidManifest.xml:21:22-78
28    <uses-permission android:name="android.permission.READ_EXTERNAL_STORAGE" />
28-->src\main\AndroidManifest.xml:22:5-80
28-->src\main\AndroidManifest.xml:22:22-77
29    <uses-permission android:name="android.permission.READ_CONTACTS" />
29-->src\main\AndroidManifest.xml:23:5-72
29-->src\main\AndroidManifest.xml:23:22-69
30    <uses-permission android:name="android.permission.WRITE_CONTACTS" />
30-->src\main\AndroidManifest.xml:24:5-73
30-->src\main\AndroidManifest.xml:24:22-70
31
32    <uses-feature android:name="android.hardware.camera" />
32-->src\main\AndroidManifest.xml:26:5-60
32-->src\main\AndroidManifest.xml:26:19-57
33    <uses-feature android:name="android.hardware.camera.autofocus" />
33-->src\main\AndroidManifest.xml:27:5-70
33-->src\main\AndroidManifest.xml:27:19-67
34
35    <application
35-->src\main\AndroidManifest.xml:29:5-62:19
36        android:allowBackup="true"
36-->src\main\AndroidManifest.xml:30:9-35
37        android:debuggable="true"
38        android:icon="@drawable/logo_2"
38-->src\main\AndroidManifest.xml:31:9-40
39        android:label="@string/app_name"
39-->src\main\AndroidManifest.xml:32:9-41
40        android:largeHeap="true"
40-->src\main\AndroidManifest.xml:33:9-33
41        android:testOnly="true"
42        android:theme="@style/MaterialTheme" >
42-->src\main\AndroidManifest.xml:34:9-45
43        <activity
43-->src\main\AndroidManifest.xml:36:9-44:20
44            android:name="com.wyeth.mobilephotobooth.SplashScreenActivity"
44-->src\main\AndroidManifest.xml:37:13-75
45            android:label="@string/app_name"
45-->src\main\AndroidManifest.xml:38:13-45
46            android:screenOrientation="portrait" >
46-->src\main\AndroidManifest.xml:39:13-49
47            <intent-filter>
47-->src\main\AndroidManifest.xml:40:13-43:29
48                <action android:name="android.intent.action.MAIN" />
48-->src\main\AndroidManifest.xml:41:17-69
48-->src\main\AndroidManifest.xml:41:25-66
49
50                <category android:name="android.intent.category.LAUNCHER" />
50-->src\main\AndroidManifest.xml:42:17-77
50-->src\main\AndroidManifest.xml:42:27-74
51            </intent-filter>
52        </activity>
53        <activity
53-->src\main\AndroidManifest.xml:45:9-47:52
54            android:name="com.wyeth.mobilephotobooth.CameraActivity"
54-->src\main\AndroidManifest.xml:46:13-43
55            android:screenOrientation="portrait" />
55-->src\main\AndroidManifest.xml:47:13-49
56        <activity
56-->src\main\AndroidManifest.xml:48:9-50:52
57            android:name="com.wyeth.mobilephotobooth.IdentityActivity"
57-->src\main\AndroidManifest.xml:49:13-45
58            android:screenOrientation="portrait" />
58-->src\main\AndroidManifest.xml:50:13-49
59
60        <provider
60-->src\main\AndroidManifest.xml:52:9-61:20
61            android:name="android.support.v4.content.FileProvider"
61-->src\main\AndroidManifest.xml:53:13-67
62            android:authorities="com.wyeth.mobilephotobooth.provider"
62-->src\main\AndroidManifest.xml:54:13-70
63            android:exported="false"
63-->src\main\AndroidManifest.xml:55:13-37
64            android:grantUriPermissions="true" >
64-->src\main\AndroidManifest.xml:56:13-47
65
66            <!-- ressource file to create -->
67            <meta-data
67-->src\main\AndroidManifest.xml:58:13-60:63
68                android:name="android.support.FILE_PROVIDER_PATHS"
68-->src\main\AndroidManifest.xml:59:17-67
69                android:resource="@xml/file_path" />
69-->src\main\AndroidManifest.xml:60:17-50
70        </provider>
71    </application>
72
73</manifest>